<?xml version="1.0" encoding="UTF-8"?>
<testsuite xmlns:xsi="http://www.w3.org/2001/XMLSchema-instance" xsi:schemaLocation="https://maven.apache.org/surefire/maven-surefire-plugin/xsd/surefire-test-report.xsd" name="TestSuite" time="22.521" tests="1" errors="0" skipped="0" failures="1">
  <properties>
    <property name="java.runtime.name" value="Java(TM) SE Runtime Environment"/>
    <property name="sun.boot.library.path" value="/Library/Java/JavaVirtualMachines/jdk1.8.0_221.jdk/Contents/Home/jre/lib"/>
    <property name="java.vm.version" value="25.221-b11"/>
    <property name="gopherProxySet" value="false"/>
    <property name="java.vm.vendor" value="Oracle Corporation"/>
    <property name="maven.multiModuleProjectDirectory" value="/Users/ievgeniiagaidarenko/EngagingNetworks/Automation/ENseleniumtest/ENtestNG"/>
    <property name="java.vendor.url" value="http://java.oracle.com/"/>
    <property name="path.separator" value=":"/>
    <property name="guice.disable.misplaced.annotation.check" value="true"/>
    <property name="java.vm.name" value="Java HotSpot(TM) 64-Bit Server VM"/>
    <property name="file.encoding.pkg" value="sun.io"/>
    <property name="user.country" value="US"/>
    <property name="sun.java.launcher" value="SUN_STANDARD"/>
    <property name="sun.os.patch.level" value="unknown"/>
    <property name="java.vm.specification.name" value="Java Virtual Machine Specification"/>
    <property name="user.dir" value="/Users/ievgeniiagaidarenko/EngagingNetworks/Automation/ENseleniumtest/ENtestNG"/>
    <property name="java.runtime.version" value="1.8.0_221-b11"/>
    <property name="java.awt.graphicsenv" value="sun.awt.CGraphicsEnvironment"/>
    <property name="java.endorsed.dirs" value="/Library/Java/JavaVirtualMachines/jdk1.8.0_221.jdk/Contents/Home/jre/lib/endorsed"/>
    <property name="os.arch" value="x86_64"/>
    <property name="java.io.tmpdir" value="/var/folders/wf/01j5zpjj45dgk1n5rbf0njrm0000gn/T/"/>
    <property name="line.separator" value="&#10;"/>
    <property name="java.vm.specification.vendor" value="Oracle Corporation"/>
    <property name="os.name" value="Mac OS X"/>
    <property name="classworlds.conf" value="/Applications/apache-maven-3.6.1/bin/m2.conf"/>
    <property name="sun.jnu.encoding" value="UTF-8"/>
    <property name="java.library.path" value="/Users/ievgeniiagaidarenko/Library/Java/Extensions:/Library/Java/Extensions:/Network/Library/Java/Extensions:/System/Library/Java/Extensions:/usr/lib/java:."/>
    <property name="maven.conf" value="/Applications/apache-maven-3.6.1/conf"/>
    <property name="java.specification.name" value="Java Platform API Specification"/>
    <property name="java.class.version" value="52.0"/>
    <property name="sun.management.compiler" value="HotSpot 64-Bit Tiered Compilers"/>
    <property name="os.version" value="10.14.6"/>
    <property name="library.jansi.path" value="/Applications/apache-maven-3.6.1/lib/jansi-native"/>
    <property name="http.nonProxyHosts" value="local|*.local|169.254/16|*.169.254/16"/>
    <property name="user.home" value="/Users/ievgeniiagaidarenko"/>
    <property name="user.timezone" value="America/New_York"/>
    <property name="java.awt.printerjob" value="sun.lwawt.macosx.CPrinterJob"/>
    <property name="java.specification.version" value="1.8"/>
    <property name="file.encoding" value="UTF-8"/>
    <property name="user.name" value="ievgeniiagaidarenko"/>
    <property name="java.class.path" value="/Applications/apache-maven-3.6.1/boot/plexus-classworlds-2.6.0.jar"/>
    <property name="java.vm.specification.version" value="1.8"/>
    <property name="sun.arch.data.model" value="64"/>
    <property name="java.home" value="/Library/Java/JavaVirtualMachines/jdk1.8.0_221.jdk/Contents/Home/jre"/>
    <property name="sun.java.command" value="org.codehaus.plexus.classworlds.launcher.Launcher clean test -Dsurefire"/>
    <property name="java.specification.vendor" value="Oracle Corporation"/>
    <property name="user.language" value="en"/>
    <property name="awt.toolkit" value="sun.lwawt.macosx.LWCToolkit"/>
    <property name="java.vm.info" value="mixed mode"/>
    <property name="java.version" value="1.8.0_221"/>
    <property name="java.ext.dirs" value="/Users/ievgeniiagaidarenko/Library/Java/Extensions:/Library/Java/JavaVirtualMachines/jdk1.8.0_221.jdk/Contents/Home/jre/lib/ext:/Library/Java/Extensions:/Network/Library/Java/Extensions:/System/Library/Java/Extensions:/usr/lib/java"/>
    <property name="sun.boot.class.path" value="/Library/Java/JavaVirtualMachines/jdk1.8.0_221.jdk/Contents/Home/jre/lib/resources.jar:/Library/Java/JavaVirtualMachines/jdk1.8.0_221.jdk/Contents/Home/jre/lib/rt.jar:/Library/Java/JavaVirtualMachines/jdk1.8.0_221.jdk/Contents/Home/jre/lib/sunrsasign.jar:/Library/Java/JavaVirtualMachines/jdk1.8.0_221.jdk/Contents/Home/jre/lib/jsse.jar:/Library/Java/JavaVirtualMachines/jdk1.8.0_221.jdk/Contents/Home/jre/lib/jce.jar:/Library/Java/JavaVirtualMachines/jdk1.8.0_221.jdk/Contents/Home/jre/lib/charsets.jar:/Library/Java/JavaVirtualMachines/jdk1.8.0_221.jdk/Contents/Home/jre/lib/jfr.jar:/Library/Java/JavaVirtualMachines/jdk1.8.0_221.jdk/Contents/Home/jre/classes"/>
    <property name="java.vendor" value="Oracle Corporation"/>
    <property name="maven.home" value="/Applications/apache-maven-3.6.1"/>
    <property name="file.separator" value="/"/>
    <property name="java.vendor.url.bug" value="http://bugreport.sun.com/bugreport/"/>
    <property name="sun.cpu.endian" value="little"/>
    <property name="sun.io.unicode.encoding" value="UnicodeBig"/>
    <property name="surefire" value="true"/>
    <property name="socksNonProxyHosts" value="local|*.local|169.254/16|*.169.254/16"/>
    <property name="ftp.nonProxyHosts" value="local|*.local|169.254/16|*.169.254/16"/>
    <property name="sun.cpu.isalist" value=""/>
  </properties>
  <testcase name="iatsSingle" classname="com.fnoor.FundraisingTest.IATS" time="19.633">
    <failure message="Campaign ID not present" type="java.lang.AssertionError">java.lang.AssertionError: Campaign ID not present
	at com.fnoor.FundraisingTest.IATS.iatsSingle(IATS.java:112)
</failure>
    <system-out><![CDATA[Im here
Id [[ChromeDriver: chrome on ANY (2a1de902133ddda639d6e062fe904e4b)] -> tag name: option]
Id1 
Id2 1
Id [[ChromeDriver: chrome on ANY (2a1de902133ddda639d6e062fe904e4b)] -> tag name: option]
Id1 
Id2 5
Id [[ChromeDriver: chrome on ANY (2a1de902133ddda639d6e062fe904e4b)] -> tag name: option]
Id1 
Id2 10
Id [[ChromeDriver: chrome on ANY (2a1de902133ddda639d6e062fe904e4b)] -> tag name: option]
Id1 
Id2 15
Id [[ChromeDriver: chrome on ANY (2a1de902133ddda639d6e062fe904e4b)] -> tag name: option]
Id1 
Id2 other
Id [[ChromeDriver: chrome on ANY (2a1de902133ddda639d6e062fe904e4b)] -> tag name: option]
Id1 
Id2 
Id [[ChromeDriver: chrome on ANY (2a1de902133ddda639d6e062fe904e4b)] -> tag name: option]
Id1 
Id2 Mr
Id [[ChromeDriver: chrome on ANY (2a1de902133ddda639d6e062fe904e4b)] -> tag name: option]
Id1 
Id2 Mrs
Id [[ChromeDriver: chrome on ANY (2a1de902133ddda639d6e062fe904e4b)] -> tag name: option]
Id1 
Id2 Ms
Id [[ChromeDriver: chrome on ANY (2a1de902133ddda639d6e062fe904e4b)] -> tag name: option]
Id1 
Id2 Miss
Id [[ChromeDriver: chrome on ANY (2a1de902133ddda639d6e062fe904e4b)] -> tag name: option]
Id1 
Id2 Dr
Id [[ChromeDriver: chrome on ANY (2a1de902133ddda639d6e062fe904e4b)] -> tag name: option]
Id1 
Id2 Prof
Elelments: 
labelsPage [[ChromeDriver: chrome on ANY (2a1de902133ddda639d6e062fe904e4b)] -> tag name: div]
labelsPage2 null
labelsPage3 
labelsPage [[ChromeDriver: chrome on ANY (2a1de902133ddda639d6e062fe904e4b)] -> tag name: div]
labelsPage2 null
labelsPage3 
labelsPage [[ChromeDriver: chrome on ANY (2a1de902133ddda639d6e062fe904e4b)] -> tag name: div]
labelsPage2 null
labelsPage3 
labelsPage [[ChromeDriver: chrome on ANY (2a1de902133ddda639d6e062fe904e4b)] -> tag name: div]
labelsPage2 null
labelsPage3 
labelsPage [[ChromeDriver: chrome on ANY (2a1de902133ddda639d6e062fe904e4b)] -> tag name: div]
labelsPage2 null
labelsPage3 
labelsPage [[ChromeDriver: chrome on ANY (2a1de902133ddda639d6e062fe904e4b)] -> tag name: div]
labelsPage2 null
labelsPage3 
labelsPage [[ChromeDriver: chrome on ANY (2a1de902133ddda639d6e062fe904e4b)] -> tag name: div]
labelsPage2 null
labelsPage3 
labelsPage [[ChromeDriver: chrome on ANY (2a1de902133ddda639d6e062fe904e4b)] -> tag name: div]
labelsPage2 null
labelsPage3 
labelsPage [[ChromeDriver: chrome on ANY (2a1de902133ddda639d6e062fe904e4b)] -> tag name: div]
labelsPage2 null
labelsPage3 
labelsPage [[ChromeDriver: chrome on ANY (2a1de902133ddda639d6e062fe904e4b)] -> tag name: div]
labelsPage2 null
labelsPage3 
labelsPage [[ChromeDriver: chrome on ANY (2a1de902133ddda639d6e062fe904e4b)] -> tag name: div]
labelsPage2 null
labelsPage3 
labelsPage [[ChromeDriver: chrome on ANY (2a1de902133ddda639d6e062fe904e4b)] -> tag name: div]
labelsPage2 null
labelsPage3 
labelsPage [[ChromeDriver: chrome on ANY (2a1de902133ddda639d6e062fe904e4b)] -> tag name: div]
labelsPage2 null
labelsPage3 
labelsPage [[ChromeDriver: chrome on ANY (2a1de902133ddda639d6e062fe904e4b)] -> tag name: div]
labelsPage2 null
labelsPage3 
labelsPage [[ChromeDriver: chrome on ANY (2a1de902133ddda639d6e062fe904e4b)] -> tag name: div]
labelsPage2 null
labelsPage3 
labelsPage [[ChromeDriver: chrome on ANY (2a1de902133ddda639d6e062fe904e4b)] -> tag name: div]
labelsPage2 null
labelsPage3 
labelsPage [[ChromeDriver: chrome on ANY (2a1de902133ddda639d6e062fe904e4b)] -> tag name: div]
labelsPage2 null
labelsPage3 
labelsPage [[ChromeDriver: chrome on ANY (2a1de902133ddda639d6e062fe904e4b)] -> tag name: div]
labelsPage2 null
labelsPage3 
labelsPage [[ChromeDriver: chrome on ANY (2a1de902133ddda639d6e062fe904e4b)] -> tag name: div]
labelsPage2 null
labelsPage3 
labelsPage [[ChromeDriver: chrome on ANY (2a1de902133ddda639d6e062fe904e4b)] -> tag name: div]
labelsPage2 null
labelsPage3 
labelsPage [[ChromeDriver: chrome on ANY (2a1de902133ddda639d6e062fe904e4b)] -> tag name: div]
labelsPage2 null
labelsPage3 
labelsPage [[ChromeDriver: chrome on ANY (2a1de902133ddda639d6e062fe904e4b)] -> tag name: div]
labelsPage2 null
labelsPage3 
URL: https://politicalnetworks.com/page/13152/donate/1
Id01 [[ChromeDriver: chrome on ANY (2a1de902133ddda639d6e062fe904e4b)] -> tag name: select]
Id02 en__field_supporter_region
Id03 supporter.region
Id01 [[ChromeDriver: chrome on ANY (2a1de902133ddda639d6e062fe904e4b)] -> tag name: select]
Id02 en__field_supporter_country
Id03 supporter.country
Id01 [[ChromeDriver: chrome on ANY (2a1de902133ddda639d6e062fe904e4b)] -> tag name: select]
Id02 en__field_transaction_paymenttype
Id03 transaction.paymenttype
Id01 [[ChromeDriver: chrome on ANY (2a1de902133ddda639d6e062fe904e4b)] -> tag name: select]
Id02 en__field_transaction_paycurrency
Id03 transaction.paycurrency
Elelments01: 
]]></system-out>
    <system-err><![CDATA[Starting ChromeDriver 81.0.4044.69 (6813546031a4bc83f717a2ef7cd4ac6ec1199132-refs/branch-heads/4044@{#776}) on port 21906
Only local connections are allowed.
Please protect ports used by ChromeDriver and related test frameworks to prevent access by malicious code.
[1586973973.375][WARNING]: FromSockAddr failed on netmask
Apr 15, 2020 2:06:15 PM org.openqa.selenium.remote.ProtocolHandshake createSession
INFO: Detected dialect: W3C
[1586973975.760][SEVERE]: Timed out receiving message from renderer: 0.100
[1586973992.164][SEVERE]: Timed out receiving message from renderer: 0.100
[1586973992.267][SEVERE]: Timed out receiving message from renderer: 0.100
[1586973992.370][SEVERE]: Timed out receiving message from renderer: 0.100
[1586973992.472][SEVERE]: Timed out receiving message from renderer: 0.100
[1586973992.575][SEVERE]: Timed out receiving message from renderer: 0.100
[1586973992.676][SEVERE]: Timed out receiving message from renderer: 0.100
[1586973992.777][SEVERE]: Timed out receiving message from renderer: 0.100
[1586973992.879][SEVERE]: Timed out receiving message from renderer: 0.100
]]></system-err>
  </testcase>
</testsuite>