<?xml version="1.0" encoding="UTF-8"?>
<!-- Generated by org.testng.reporters.JUnitReportReporter -->
<testsuite skipped="0" hostname="Ievgeniias-MBP.fios-router.home" name="com.fnoor.FundraisingTest.IATS" tests="4" failures="0" timestamp="2020-04-14T17:09:25 EDT" time="32.441" errors="0">
  <testcase name="IATSACHRecurPaymenttypelogic" time="11.122" classname="com.fnoor.FundraisingTest.IATS"/>
  <testcase name="iatsSingle" time="7.277" classname="com.fnoor.FundraisingTest.IATS"/>
  <testcase name="IATSACHRecurring" time="7.071" classname="com.fnoor.FundraisingTest.IATS"/>
  <testcase name="IATSRecurring" time="6.971" classname="com.fnoor.FundraisingTest.IATS"/>
</testsuite> <!-- com.fnoor.FundraisingTest.IATS -->
