<?xml version="1.0" encoding="UTF-8"?>
<!-- Generated by org.testng.reporters.JUnitReportReporter -->
<testsuite skipped="0" hostname="Ievgeniias-MBP.fios-router.home" name="com.fnoor.FundraisingTest.IATS" tests="4" failures="0" timestamp="2020-04-14T15:58:19 EDT" time="33.092" errors="0">
  <testcase name="IATSACHRecurring" time="7.098" classname="com.fnoor.FundraisingTest.IATS"/>
  <testcase name="IATSACHRecurPaymenttypelogic" time="11.482" classname="com.fnoor.FundraisingTest.IATS"/>
  <testcase name="iatsSingle" time="7.538" classname="com.fnoor.FundraisingTest.IATS"/>
  <testcase name="IATSRecurring" time="6.974" classname="com.fnoor.FundraisingTest.IATS"/>
</testsuite> <!-- com.fnoor.FundraisingTest.IATS -->
