<?xml version="1.0" encoding="UTF-8"?>
<!-- Generated by org.testng.reporters.JUnitReportReporter -->
<testsuite skipped="0" hostname="Ievgeniias-MBP.fios-router.home" name="com.fnoor.FundraisingTest.IATS" tests="4" failures="0" timestamp="2020-04-14T16:31:11 EDT" time="32.829" errors="0">
  <testcase name="IATSACHRecurring" time="6.970" classname="com.fnoor.FundraisingTest.IATS"/>
  <testcase name="iatsSingle" time="7.416" classname="com.fnoor.FundraisingTest.IATS"/>
  <testcase name="IATSRecurring" time="7.214" classname="com.fnoor.FundraisingTest.IATS"/>
  <testcase name="IATSACHRecurPaymenttypelogic" time="11.229" classname="com.fnoor.FundraisingTest.IATS"/>
</testsuite> <!-- com.fnoor.FundraisingTest.IATS -->
