<?xml version="1.0" encoding="UTF-8"?>
<!-- Generated by org.testng.reporters.JUnitReportReporter -->
<testsuite skipped="0" hostname="Ievgeniias-MBP.fios-router.home" name="com.fnoor.FundraisingTest.IATS" tests="4" failures="0" timestamp="2020-04-14T18:02:14 EDT" time="26.501" errors="0">
  <testcase name="IATSACHRecurPaymenttypelogic" time="9.503" classname="com.fnoor.FundraisingTest.IATS"/>
  <testcase name="IATSACHRecurring" time="5.471" classname="com.fnoor.FundraisingTest.IATS"/>
  <testcase name="IATSRecurring" time="5.820" classname="com.fnoor.FundraisingTest.IATS"/>
  <testcase name="iatsSingle" time="5.707" classname="com.fnoor.FundraisingTest.IATS"/>
</testsuite> <!-- com.fnoor.FundraisingTest.IATS -->
