<?xml version="1.0" encoding="UTF-8"?>
<!-- Generated by org.testng.reporters.JUnitReportReporter -->
<testsuite skipped="0" hostname="Ievgeniias-MBP.fios-router.home" name="com.fnoor.FundraisingTest.IATS" tests="1" failures="0" timestamp="2020-04-15T10:45:42 EDT" time="11.944" errors="0">
  <testcase name="iatsSingle" time="11.944" classname="com.fnoor.FundraisingTest.IATS"/>
</testsuite> <!-- com.fnoor.FundraisingTest.IATS -->
