<?xml version="1.0" encoding="UTF-8"?>
<!-- Generated by org.testng.reporters.JUnitReportReporter -->
<testsuite skipped="0" hostname="Ievgeniias-MBP.fios-router.home" name="com.fnoor.FundraisingTest.IATS" tests="4" failures="0" timestamp="2020-04-14T17:49:46 EDT" time="27.122" errors="0">
  <testcase name="IATSACHRecurPaymenttypelogic" time="9.800" classname="com.fnoor.FundraisingTest.IATS"/>
  <testcase name="IATSACHRecurring" time="5.506" classname="com.fnoor.FundraisingTest.IATS"/>
  <testcase name="IATSRecurring" time="5.906" classname="com.fnoor.FundraisingTest.IATS"/>
  <testcase name="iatsSingle" time="5.910" classname="com.fnoor.FundraisingTest.IATS"/>
</testsuite> <!-- com.fnoor.FundraisingTest.IATS -->
