<?xml version="1.0" encoding="UTF-8"?>
<!-- Generated by org.testng.reporters.JUnitReportReporter -->
<testsuite skipped="0" hostname="Ievgeniias-MBP.fios-router.home" name="com.fnoor.FundraisingTest.IATS" tests="4" failures="0" timestamp="2020-04-14T16:50:23 EDT" time="32.197" errors="0">
  <testcase name="IATSACHRecurring" time="6.900" classname="com.fnoor.FundraisingTest.IATS"/>
  <testcase name="iatsSingle" time="7.409" classname="com.fnoor.FundraisingTest.IATS"/>
  <testcase name="IATSRecurring" time="7.113" classname="com.fnoor.FundraisingTest.IATS"/>
  <testcase name="IATSACHRecurPaymenttypelogic" time="10.775" classname="com.fnoor.FundraisingTest.IATS"/>
</testsuite> <!-- com.fnoor.FundraisingTest.IATS -->
